-------------------------------------------------------------------------------
Test set: com.yidong.service.impl.CodeServiceImplTest
-------------------------------------------------------------------------------
Tests run: 12, Failures: 1, Errors: 0, Skipped: 0, Time elapsed: 5.957 s <<< FAILURE! - in com.yidong.service.impl.CodeServiceImplTest
getValue(com.yidong.service.impl.CodeServiceImplTest)  Time elapsed: 0.01 s  <<< FAILURE!
java.lang.AssertionError: expected:<code> but was:<null>
	at com.yidong.service.impl.CodeServiceImplTest.getValue(CodeServiceImplTest.java:62)

