-------------------------------------------------------------------------------
Test set: com.yidong.mapper.PriceMapperTest
-------------------------------------------------------------------------------
Tests run: 1, Failures: 0, Errors: 1, Skipped: 0, Time elapsed: 0.199 s <<< FAILURE! - in com.yidong.mapper.PriceMapperTest
initializationError(com.yidong.mapper.PriceMapperTest)  Time elapsed: 0 s  <<< ERROR!
java.lang.Exception: No runnable methods

